<?xml version="1.0" encoding="UTF-8" ?>
<testsuite errors="0" failures="0" hostname="LAPTOP-6KNO9QKU" name="TestPoints" skipped="0" tests="8" time="2.765" timestamp="2022-04-18T19:12:03">
  <properties>
[...]
</properties>
  <testcase classname="TestPoints" name="topLeft" time="1.066" />
  <testcase classname="TestPoints" name="topRight" time="0.461" />
  <testcase classname="TestPoints" name="nullInPoint" time="0.001" />
  <testcase classname="TestPoints" name="borders" time="0.001" />
  <testcase classname="TestPoints" name="nullRInPoint" time="0.0" />
  <testcase classname="TestPoints" name="downLeftOutsideArea" time="0.523" />
  <testcase classname="TestPoints" name="downRight" time="0.137" />
  <testcase classname="TestPoints" name="downLeftInsideArea" time="0.492" />
  <system-out><![CDATA[]]></system-out>
  <system-err><![CDATA[]]></system-err>
</testsuite>
