<?xml version="1.0" encoding="UTF-8" ?>
<testsuite errors="0" failures="0" hostname="DESKTOP-4JRPL5A" name="TestPoints" skipped="0" tests="8" time="2.475" timestamp="2022-04-18T18:52:21">
  <properties>
[...]
</properties>
  <testcase classname="TestPoints" name="topLeft" time="1.149" />
  <testcase classname="TestPoints" name="topRight" time="0.327" />
  <testcase classname="TestPoints" name="nullInPoint" time="0.001" />
  <testcase classname="TestPoints" name="borders" time="0.001" />
  <testcase classname="TestPoints" name="nullRInPoint" time="0.0" />
  <testcase classname="TestPoints" name="downLeftOutsideArea" time="0.376" />
  <testcase classname="TestPoints" name="downRight" time="0.077" />
  <testcase classname="TestPoints" name="downLeftInsideArea" time="0.337" />
  <system-out><![CDATA[]]></system-out>
  <system-err><![CDATA[]]></system-err>
</testsuite>
